<?xml version="1.0" encoding="UTF-8"?>
<!-- Generated by org.testng.reporters.JUnitReportReporter -->
<testsuite hostname="DESKTOP-VTITMFA" failures="0" tests="1" name="Tuto1.Tuto1.Radiobutton" time="15.372" errors="0" timestamp="2024-08-19T09:14:44 IST" skipped="0">
  <testcase classname="Tuto1.Tuto1.Radiobutton" name="radio" time="15.372"/>
</testsuite> <!-- Tuto1.Tuto1.Radiobutton -->
