<?xml version="1.0" encoding="UTF-8"?>
<!-- Generated by org.testng.reporters.JUnitReportReporter -->
<testsuite hostname="DESKTOP-VTITMFA" failures="0" tests="1" name="Tuto1.Tuto1.dropdown" time="14.019" errors="0" timestamp="2024-08-19T09:32:30 IST" skipped="0">
  <testcase classname="Tuto1.Tuto1.dropdown" name="dd" time="14.019"/>
</testsuite> <!-- Tuto1.Tuto1.dropdown -->
