<?xml version="1.0" encoding="UTF-8"?>
<!-- Generated by org.testng.reporters.JUnitReportReporter -->
<testsuite hostname="DESKTOP-VTITMFA" failures="0" tests="1" name="Tuto1.Tuto1.searchfields" time="13.377" errors="0" timestamp="2024-08-20T10:52:54 IST" skipped="0">
  <testcase classname="Tuto1.Tuto1.searchfields" name="search" time="13.377"/>
</testsuite> <!-- Tuto1.Tuto1.searchfields -->
