<?xml version="1.0" encoding="UTF-8"?>
<!-- Generated by org.testng.reporters.JUnitReportReporter -->
<testsuite hostname="DESKTOP-VTITMFA" failures="0" tests="1" name="Tuto1.Tuto1.doubleclick" time="13.542" errors="0" timestamp="2024-08-26T11:26:01 IST" skipped="0">
  <testcase classname="Tuto1.Tuto1.doubleclick" name="dc" time="13.542"/>
</testsuite> <!-- Tuto1.Tuto1.doubleclick -->
