<?xml version="1.0" encoding="UTF-8"?>
<!-- Generated by org.testng.reporters.JUnitReportReporter -->
<testsuite hostname="DESKTOP-VTITMFA" failures="0" tests="1" name="Tuto1.Tuto1.Fieldsvalidation" time="6.671" errors="0" timestamp="2024-08-15T10:26:07 IST" skipped="0">
  <testcase classname="Tuto1.Tuto1.Fieldsvalidation" name="test1" time="6.671"/>
</testsuite> <!-- Tuto1.Tuto1.Fieldsvalidation -->
