<?xml version="1.0" encoding="UTF-8"?>
<!-- Generated by org.testng.reporters.JUnitReportReporter -->
<testsuite hostname="DESKTOP-VTITMFA" failures="0" tests="1" name="Tuto1.Tuto1.draganddrop" time="12.045" errors="0" timestamp="2024-08-26T11:26:01 IST" skipped="0">
  <testcase classname="Tuto1.Tuto1.draganddrop" name="dd" time="12.045"/>
</testsuite> <!-- Tuto1.Tuto1.draganddrop -->
