<?xml version="1.0" encoding="UTF-8"?>
<!-- Generated by org.testng.reporters.JUnitReportReporter -->
<testsuite hostname="DESKTOP-VTITMFA" failures="0" tests="1" name="Tuto1.Tuto1.sliders" time="11.254" errors="0" timestamp="2024-08-20T11:17:30 IST" skipped="0">
  <testcase classname="Tuto1.Tuto1.sliders" name="slide" time="11.254"/>
</testsuite> <!-- Tuto1.Tuto1.sliders -->
