<?xml version="1.0" encoding="UTF-8"?>
<!-- Generated by org.testng.reporters.JUnitReportReporter -->
<testsuite hostname="DESKTOP-VTITMFA" failures="0" tests="1" name="Tuto1.Tuto1.Data1" time="3.352" errors="0" timestamp="2024-08-14T09:30:10 IST" skipped="0">
  <testcase classname="Tuto1.Tuto1.Data1" name="case1" time="3.352"/>
</testsuite> <!-- Tuto1.Tuto1.Data1 -->
