<?xml version="1.0" encoding="UTF-8"?>
<!-- Generated by org.testng.reporters.JUnitReportReporter -->
<testsuite hostname="DESKTOP-VTITMFA" failures="0" tests="1" name="Tuto1.Tuto1.Fieldsvalidation" time="5.221" errors="0" timestamp="2024-08-16T11:29:40 IST" skipped="0">
  <testcase classname="Tuto1.Tuto1.Fieldsvalidation" name="test1" time="5.221"/>
</testsuite> <!-- Tuto1.Tuto1.Fieldsvalidation -->
